Using pre-set license
Built from '2020.2/staging' branch; Version is '2020.2.7f1 (c53830e277f1) revision 12924976'; Using compiler version '192528614'; Build Type 'Release'
OS: 'Windows 10 Pro; OS build 19042.1110; Version 2009; 64bit' Language: 'en' Physical Memory: 16319 MB
BatchMode: 1, IsHumanControllingUs: 0, StartBugReporterOnCrash: 0, Is64bit: 1, IsPro: 0

 COMMAND LINE ARGUMENTS:
C:\Program Files\Unity\Hub\Editor\2019.2.21f1\2020.2.7f1\Editor\Unity.exe
-adb2
-batchMode
-noUpm
-name
AssetImportWorker0
-projectPath
D:/Unity Project/Home Decor/Home decor
-logFile
Logs/AssetImportWorker0.log
-srvPort
55458
Successfully changed project path to: D:/Unity Project/Home Decor/Home decor
D:/Unity Project/Home Decor/Home decor
Using Asset Import Pipeline V2.
Refreshing native plugins compatible for Editor in 99.45 ms, found 4 plugins.
Preloading 0 native plugins for Editor in 0.00 ms.
Initialize engine version: 2020.2.7f1 (c53830e277f1)
[Subsystems] Discovering subsystems at path C:/Program Files/Unity/Hub/Editor/2019.2.21f1/2020.2.7f1/Editor/Data/Resources/UnitySubsystems
[Subsystems] Discovering subsystems at path D:/Unity Project/Home Decor/Home decor/Assets
GfxDevice: creating device client; threaded=0
Direct3D:
    Version:  Direct3D 11.0 [level 11.1]
    Renderer: NVIDIA GeForce GTX 1050 Ti (ID=0x1c82)
    Vendor:   
    VRAM:     4018 MB
    Driver:   27.21.14.5751
Initialize mono
Mono path[0] = 'C:/Program Files/Unity/Hub/Editor/2019.2.21f1/2020.2.7f1/Editor/Data/Managed'
Mono path[1] = 'C:/Program Files/Unity/Hub/Editor/2019.2.21f1/2020.2.7f1/Editor/Data/MonoBleedingEdge/lib/mono/unityjit'
Mono config path = 'C:/Program Files/Unity/Hub/Editor/2019.2.21f1/2020.2.7f1/Editor/Data/MonoBleedingEdge/etc'
Using monoOptions --debugger-agent=transport=dt_socket,embedding=1,server=y,suspend=n,address=127.0.0.1:56628
Begin MonoManager ReloadAssembly
Registering precompiled unity dll's ...
Register platform support module: C:/Program Files/Unity/Hub/Editor/2019.2.21f1/2020.2.7f1/Editor/Data/PlaybackEngines/WindowsStandaloneSupport/UnityEditor.WindowsStandalone.Extensions.dll
Registered in 0.001516 seconds.
Native extension for WindowsStandalone target not found
Refreshing native plugins compatible for Editor in 71.35 ms, found 4 plugins.
Preloading 0 native plugins for Editor in 0.00 ms.
Invoked RoslynAnalysisRunner static constructor.
RoslynAnalysisRunner will not be running.
RoslynAnalysisRunner has terminated.
Mono: successfully reloaded assembly
- Completed reload, in  1.670 seconds
Platform modules already initialized, skipping
Registering precompiled user dll's ...
Registered in 0.012215 seconds.
Begin MonoManager ReloadAssembly
Symbol file LoadedFromMemory doesn't match image D:\Unity Project\Home Decor\Home decor\Assets\ExternalDependencyManager\Editor\Google.VersionHandler.dll
Native extension for WindowsStandalone target not found
Refreshing native plugins compatible for Editor in 2.02 ms, found 4 plugins.
Preloading 0 native plugins for Editor in 0.00 ms.
UnityIAP: [InitializeOnLoad] Facebook Check
UnityIAP: Runtime [2020.2.7f1]
UnityIAP: Current Build is Android:StandaloneWindows
UnityIAP: stub FacebookStore.dll disabled
Invoked RoslynAnalysisRunner static constructor.
RoslynAnalysisRunner will not be running.
RoslynAnalysisRunner has terminated.
Mono: successfully reloaded assembly
- Completed reload, in  0.978 seconds
Platform modules already initialized, skipping
========================================================================
Worker process is ready to serve import requests
Launched and connected shader compiler UnityShaderCompiler.exe after 0.03 seconds
Refreshing native plugins compatible for Editor in 1.93 ms, found 4 plugins.
Preloading 0 native plugins for Editor in 0.00 ms.
Unloading 2534 Unused Serialized files (Serialized files now loaded: 0)
System memory in use before: 118.4 MB.
System memory in use after: 117.3 MB.

Unloading 248 unused Assets to reduce memory usage. Loaded Objects now: 2822.
Total: 5.648400 ms (FindLiveObjects: 0.384700 ms CreateObjectMapping: 0.187000 ms MarkObjects: 4.188200 ms  DeleteObjects: 0.887600 ms)

========================================================================
Received Import Request.
  path: Assets/Resources/RoomData/10_Modern Kitchen.asset
  artifactKey: Guid(415d14dd48d237744bf1029c53d23ff8) Importer(815301076,1909f56bfc062723c751e8b465ee728b)
Start importing Assets/Resources/RoomData/10_Modern Kitchen.asset using Guid(415d14dd48d237744bf1029c53d23ff8) Importer(815301076,1909f56bfc062723c751e8b465ee728b)  -> (artifact id: '6f5eabee17290b6ea65b43c2a3023fe5') in 0.031834 seconds
  Import took 0.052983 seconds .

========================================================================
Received Import Request.
  Time since last request: 0.000264 seconds.
  path: Assets/Resources/RoomData/6_garden_1.asset
  artifactKey: Guid(8bdf859c734423f40847924f71aa03fb) Importer(815301076,1909f56bfc062723c751e8b465ee728b)
Start importing Assets/Resources/RoomData/6_garden_1.asset using Guid(8bdf859c734423f40847924f71aa03fb) Importer(815301076,1909f56bfc062723c751e8b465ee728b)  -> (artifact id: '265923f5dbde60e15751a3d9d1310182') in 0.006609 seconds
  Import took 0.033480 seconds .

========================================================================
Received Import Request.
  Time since last request: 0.000196 seconds.
  path: Assets/Resources/RoomData/7_garden_2.asset
  artifactKey: Guid(4ec144b566b497942bb67032261c3f4d) Importer(815301076,1909f56bfc062723c751e8b465ee728b)
Start importing Assets/Resources/RoomData/7_garden_2.asset using Guid(4ec144b566b497942bb67032261c3f4d) Importer(815301076,1909f56bfc062723c751e8b465ee728b)  -> (artifact id: '48647bb7b19b65c4a0f9d9d9be7bcc28') in 0.005753 seconds
  Import took 0.021064 seconds .

========================================================================
Received Import Request.
  Time since last request: 7.523303 seconds.
  path: Assets/Resources/RoomData/7_garden_2.asset
  artifactKey: Guid(4ec144b566b497942bb67032261c3f4d) Importer(815301076,1909f56bfc062723c751e8b465ee728b)
Start importing Assets/Resources/RoomData/7_garden_2.asset using Guid(4ec144b566b497942bb67032261c3f4d) Importer(815301076,1909f56bfc062723c751e8b465ee728b)  -> (artifact id: 'd57bd5aef7d39bcb0176564ca3acbd23') in 0.001754 seconds
  Import took 0.025415 seconds .

========================================================================
Received Prepare
Refreshing native plugins compatible for Editor in 28.64 ms, found 4 plugins.
Preloading 0 native plugins for Editor in 0.00 ms.
Unloading 238 Unused Serialized files (Serialized files now loaded: 0)
System memory in use before: 67.5 MB.
System memory in use after: 66.5 MB.

Unloading 237 unused Assets to reduce memory usage. Loaded Objects now: 2822.
Total: 5.073000 ms (FindLiveObjects: 0.242400 ms CreateObjectMapping: 0.119800 ms MarkObjects: 3.846900 ms  DeleteObjects: 0.863300 ms)

AssetImportWorkerClient::OnTransportError - code=2 error=End of file
